C:\Users\cezar\Desktop\Bureaucracy-Hacks\DGASPC/HTMLFiles. New pages were added!
C:\Users\cezar\Desktop\Bureaucracy-Hacks\DGASPC/HTMLFiles/Adresa ANI.html
C:\Users\cezar\Desktop\Bureaucracy-Hacks\DGASPC/HTMLFiles/Formular Declaratie de interese.html
C:\Users\cezar\Desktop\Bureaucracy-Hacks\DGASPC/HTMLFiles/Cerere pentru exprimarea optiunii prevazute la art. 24 alin. (9) si (10) din Legea nr. 448.2006 .html
C:\Users\cezar\Desktop\Bureaucracy-Hacks\DGASPC/HTMLFiles/Documente admitere in centre rezidentiale pentru persoane cu dizabilitati.html
C:\Users\cezar\Desktop\Bureaucracy-Hacks\DGASPC/HTMLFiles/Cerere evaluare a capacitatii de a continua profesia de asistent maternal profesionist.html
C:\Users\cezar\Desktop\Bureaucracy-Hacks\DGASPC/HTMLFiles/Acte dosar prestatii copii.html
C:\Users\cezar\Desktop\Bureaucracy-Hacks\DGASPC/HTMLFiles/Documente necesare in vederea evaluarii complexe a copilului .html
C:\Users\cezar\Desktop\Bureaucracy-Hacks\DGASPC/HTMLFiles/Lista documente persoane cu handicap.html
C:\Users\cezar\Desktop\Bureaucracy-Hacks\DGASPC/HTMLFiles/Cerere voucher persoana cu dizabilitati.html
C:\Users\cezar\Desktop\Bureaucracy-Hacks\DGASPC/HTMLFiles/orar.html
C:\Users\cezar\Desktop\Bureaucracy-Hacks\DGASPC/HTMLFiles/Recomandare privind acordarea de tehnologii si dispositive asistive  si tehnologii de acces.html
C:\Users\cezar\Desktop\Bureaucracy-Hacks\DGASPC/HTMLFiles/Cerere Voluntariat.html
C:\Users\cezar\Desktop\Bureaucracy-Hacks\DGASPC/HTMLFiles/Continutul Dosarului.html
C:\Users\cezar\Desktop\Bureaucracy-Hacks\DLEP/HTMLFiles. New pages were added!
C:\Users\cezar\Desktop\Bureaucracy-Hacks\DLEP/HTMLFiles/--16.html
C:\Users\cezar\Desktop\Bureaucracy-Hacks\DLEP/HTMLFiles/acte-necesare-pierdere--distrugere--deteriorare--furt--3.html
C:\Users\cezar\Desktop\Bureaucracy-Hacks\DLEP/HTMLFiles/Inregistrare-deces-produs-in-municipiul-iasi--2.html
C:\Users\cezar\Desktop\Bureaucracy-Hacks\DLEP/HTMLFiles/transcriere--deces-inregistrat-in-strainatate--14.html
C:\Users\cezar\Desktop\Bureaucracy-Hacks\DLEP/HTMLFiles/acte-necesare-dobandire-cetatenie-romana--9.html
C:\Users\cezar\Desktop\Bureaucracy-Hacks\DLEP/HTMLFiles/schimbare-de-nume--prenume-pe-cale-administrativa--6.html
C:\Users\cezar\Desktop\Bureaucracy-Hacks\DLEP/HTMLFiles/transcriere--casatorie-incheiata-in-strainatate--15.html
C:\Users\cezar\Desktop\Bureaucracy-Hacks\DLEP/HTMLFiles/data.html
C:\Users\cezar\Desktop\Bureaucracy-Hacks\DLEP/HTMLFiles/acte-necesare-primul-act-de-identitate-dupa-implinirea-varstei-de-18-ani--1.html
C:\Users\cezar\Desktop\Bureaucracy-Hacks\DLEP/HTMLFiles/livret-de-familie--3.html
C:\Users\cezar\Desktop\Bureaucracy-Hacks\DLEP/HTMLFiles/casatoria-intre-cetateni-romani--2.html
C:\Users\cezar\Desktop\Bureaucracy-Hacks\DLEP/HTMLFiles/eliberarea-la-cerere-a-certificatelor-de-nastere(duplicat)--2.html
C:\Users\cezar\Desktop\Bureaucracy-Hacks\DLEP/HTMLFiles/acte-necesare-expirare-perioada-valabilitate-schimbare-domiciliu-modificare-date-stare-civila-altele--4.html
C:\Users\cezar\Desktop\Bureaucracy-Hacks\DLEP/HTMLFiles/eliberarea-la-cerere-a-certificatului-de-casatorie--4.html
C:\Users\cezar\Desktop\Bureaucracy-Hacks\DLEP/HTMLFiles/pentru-cetatenii-romani-cu-domiciliul-in-strainatate-aflati-temporar-in-romania--2.html
C:\Users\cezar\Desktop\Bureaucracy-Hacks\DLEP/HTMLFiles/redobandire-dobandire-cetatenie-transcriere-act-casatorie--12.html
C:\Users\cezar\Desktop\Bureaucracy-Hacks\DLEP/HTMLFiles/acte-necesare-schimbare-domiciliul-din-strainatate-in-romania--10.html
C:\Users\cezar\Desktop\Bureaucracy-Hacks\DLEP/HTMLFiles/viza-de-resedinta--1.html
C:\Users\cezar\Desktop\Bureaucracy-Hacks\DLEP/HTMLFiles/acte-necesare-primul-act-de-identitate-la-implinirea-varstei-de-14-ani--2.html
C:\Users\cezar\Desktop\Bureaucracy-Hacks\DLEP/HTMLFiles/anexa-9-privind-mentiunile-existente-pe-marginea-actelor-de-stare-civila--4.html
C:\Users\cezar\Desktop\Bureaucracy-Hacks\DLEP/HTMLFiles/cand-solicitantul-nu-poseda-toate-documentele-necesare-eliberarii-cartii-de-identitate--1.html
C:\Users\cezar\Desktop\Bureaucracy-Hacks\DLEP/HTMLFiles/Inregistrare-nastere-ce-a-avut-loc-in-municipiul-iasi--1.html
C:\Users\cezar\Desktop\Bureaucracy-Hacks\DLEP/HTMLFiles/anexa-24--sesizare-pentru-deschiderea-procedurii-succesorale--2.html
C:\Users\cezar\Desktop\Bureaucracy-Hacks\DLEP/HTMLFiles/atenTie-depunerea-cererii-la-evidenTa-persoanelor-se-face-doar-prin-programare-on-line--2.html
-----------
C:\Users\cezar\Desktop\Bureaucracy-Hacks\Pensii/HTMLFiles. New pages were added!
C:\Users\cezar\Desktop\Bureaucracy-Hacks\Pensii/HTMLFiles/pensii.html
-----------
