1616513530285	geckodriver	INFO	Listening on 127.0.0.1:58339
1616513533361	mozrunner::runner	INFO	Running command: "C:\\Program Files\\Mozilla Firefox\\firefox.exe" "--marionette" "-foreground" "-no-remote" "-profile" "C:\\Users\\cezar\\AppData\\Local\\Temp\\rust_mozprofileGefwHl"
JavaScript error: resource://gre/modules/XULStore.jsm, line 66: Error: Can't find profile directory.
console.warn: SearchSettings: "get: No settings file exists, new profile?" (new Error("", "(unknown module)"))
1616513536585	Marionette	INFO	Listening on port 58347
1616513537070	Marionette	WARN	TLS certificate errors will be ignored for this session
JavaScript error: http://www.primaria-iasi.ro/portal-iasi/pmi/primaria-municipiului-iasi/60/acte-necesare, line 282: SyntaxError: expected expression, got ','
JavaScript error: http://www.primaria-iasi.ro/portal-iasi/pmi/pcdata-10, line 1: SyntaxError: '' string literal contains an unescaped line break
JavaScript error: http://www.primaria-iasi.ro/portal-iasi/pmi/pcdata-11, line 2: SyntaxError: '' string literal contains an unescaped line break
JavaScript error: http://www.primaria-iasi.ro/portal-iasi/pmi/pcdata-3, line 1: SyntaxError: "" string literal contains an unescaped line break
JavaScript error: http://www.primaria-iasi.ro/portal-iasi/pmi/primaria-municipiului-iasi/60/acte-necesare, line 944: TypeError: $.fn.snow is not a function
1616513588264	Marionette	INFO	Stopped listening on port 58347

###!!! [Child][RunMessage] Error: Channel closing: too late to send/recv, messages will be lost

1616513725434	geckodriver	INFO	Listening on 127.0.0.1:58552
1616513728504	mozrunner::runner	INFO	Running command: "C:\\Program Files\\Mozilla Firefox\\firefox.exe" "--marionette" "--headless" "-foreground" "-no-remote" "-profile" "C:\\Users\\cezar\\AppData\\Local\\Temp\\rust_mozprofilenY3nGc"
*** You are running in headless mode.
JavaScript error: resource://gre/modules/XULStore.jsm, line 66: Error: Can't find profile directory.
console.warn: SearchSettings: "get: No settings file exists, new profile?" (new Error("", "(unknown module)"))
1616513730219	Marionette	INFO	Listening on port 58562
1616513730570	Marionette	WARN	TLS certificate errors will be ignored for this session
JavaScript error: http://www.primaria-iasi.ro/portal-iasi/pmi/primaria-municipiului-iasi/60/acte-necesare, line 282: SyntaxError: expected expression, got ','
JavaScript error: http://www.primaria-iasi.ro/portal-iasi/pmi/pcdata-10, line 1: SyntaxError: '' string literal contains an unescaped line break
JavaScript error: http://www.primaria-iasi.ro/portal-iasi/pmi/pcdata-11, line 2: SyntaxError: '' string literal contains an unescaped line break
JavaScript error: http://www.primaria-iasi.ro/portal-iasi/pmi/pcdata-3, line 1: SyntaxError: "" string literal contains an unescaped line break
JavaScript error: http://www.primaria-iasi.ro/portal-iasi/pmi/primaria-municipiului-iasi/60/acte-necesare, line 944: TypeError: $.fn.snow is not a function

###!!! [Parent][MessageChannel] Error: (msgtype=0x3A0149,name=PContent::Msg_AsyncMessage) Channel error: cannot send/recv

A content process crashed and MOZ_CRASHREPORTER_SHUTDOWN is set, shutting down
[Parent 18652, IPC I/O Parent] WARNING: file /builds/worker/checkouts/gecko/ipc/chromium/src/base/process_util_win.cc:167
1616518385125	Marionette	INFO	Stopped listening on port 58562
rn: SearchSettings: "get: No settings file exists, new profile?" (new Error("", "(unknown module)"))
1616513784022	Marionette	INFO	Listening on port 58708
1616513784149	Marionette	WARN	TLS certificate errors will be ignored for this session
JavaScript error: resource://activity-stream/lib/ASRouter.jsm, line 988: NS_ERROR_ILLEGAL_VALUE: Component returned failure code: 0x80070057 (NS_ERROR_ILLEGAL_VALUE) [nsIObserverService.removeObserver]
1616513784700	Marionette	INFO	Stopped listening on port 58708

###!!! [Child][RunMessage] Error: Channel closing: too late to send/recv, messages will be lost

1616513940060	geckodriver	INFO	Listening on 127.0.0.1:58802
1616513943134	mozrunner::runner	INFO	Running command: "C:\\Program Files\\Mozilla Firefox\\firefox.exe" "--marionette" "-foreground" "-no-remote" "-profile" "C:\\Users\\cezar\\AppData\\Local\\Temp\\rust_mozprofileQxR4zO"
JavaScript error: resource://gre/modules/XULStore.jsm, line 66: Error: Can't find profile directory.
console.warn: SearchSettings: "get: No settings file exists, new profile?" (new Error("", "(unknown module)"))
1616513946508	Marionette	INFO	Listening on port 58810
1616513946834	Marionette	WARN	TLS certificate errors will be ignored for this session
1616513951844	Marionette	INFO	Stopped listening on port 58810

###!!! [Child][RunMessage] Error: Channel closing: too late to send/recv, messages will be lost

1616513958805	geckodriver	INFO	Listening on 127.0.0.1:58859
1616513961857	mozrunner::runner	INFO	Running command: "C:\\Program Files\\Mozilla Firefox\\firefox.exe" "--marionette" "-foreground" "-no-remote" "-profile" "C:\\Users\\cezar\\AppData\\Local\\Temp\\rust_mozprofilevpMYKW"
JavaScript error: resource://gre/modules/XULStore.jsm, line 66: Error: Can't find profile directory.
console.warn: SearchSettings: "get: No settings file exists, new profile?" (new Error("", "(unknown module)"))
1616513964808	Marionette	INFO	Listening on port 58867
1616513965030	Marionette	WARN	TLS certificate errors will be ignored for this session
JavaScript error: http://www.primaria-iasi.ro/portal-iasi/pmi/primaria-municipiului-iasi/60/acte-necesare, line 282: SyntaxError: expected expression, got ','
JavaScript error: http://www.primaria-iasi.ro/portal-iasi/pmi/pcdata-10, line 1: SyntaxError: '' string literal contains an unescaped line break
JavaScript error: http://www.primaria-iasi.ro/portal-iasi/pmi/pcdata-11, line 2: SyntaxError: '' string literal contains an unescaped line break
JavaScript error: http://www.primaria-iasi.ro/portal-iasi/pmi/pcdata-3, line 1: SyntaxError: "" string literal contains an unescaped line break
JavaScript error: http://www.primaria-iasi.ro/portal-iasi/pmi/primaria-municipiului-iasi/60/acte-necesare, line 944: TypeError: $.fn.snow is not a function
1616514049717	Marionette	INFO	Stopped listening on port 58867

###!!! [Child][RunMessage] Error: Channel closing: too late to send/recv, messages will be lost

1616514102570	geckodriver	INFO	Listening on 127.0.0.1:59028
1616514105638	mozrunner::runner	INFO	Running command: "C:\\Program Files\\Mozilla Firefox\\firefox.exe" "--marionette" "-foreground" "-no-remote" "-profile" "C:\\Users\\cezar\\AppData\\Local\\Temp\\rust_mozprofileHrDuty"
JavaScript error: resource://gre/modules/XULStore.jsm, line 66: Error: Can't find profile directory.
console.warn: SearchSettings: "get: No settings file exists, new profile?" (new Error("", "(unknown module)"))
1616514108952	Marionette	INFO	Listening on port 59038
1616514109334	Marionette	WARN	TLS certificate errors will be ignored for this session
JavaScript error: http://www.primaria-iasi.ro/portal-iasi/pmi/primaria-municipiului-iasi/60/acte-necesare, line 282: SyntaxError: expected expression, got ','
JavaScript error: http://www.primaria-iasi.ro/portal-iasi/pmi/pcdata-10, line 1: SyntaxError: '' string literal contains an unescaped line break
JavaScript error: http://www.primaria-iasi.ro/portal-iasi/pmi/pcdata-11, line 2: SyntaxError: '' string literal contains an unescaped line break
JavaScript error: http://www.primaria-iasi.ro/portal-iasi/pmi/pcdata-3, line 1: SyntaxError: "" string literal contains an unescaped line break
JavaScript error: http://www.primaria-iasi.ro/portal-iasi/pmi/primaria-municipiului-iasi/60/acte-necesare, line 944: TypeError: $.fn.snow is not a function
1616514162071	Marionette	INFO	Stopped listening on port 59038

###!!! [Child][RunMessage] Error: Channel closing: too late to send/recv, messages will be lost

1616514281616	geckodriver	INFO	Listening on 127.0.0.1:59238
1616514284672	mozrunner::runner	INFO	Running command: "C:\\Program Files\\Mozilla Firefox\\firefox.exe" "--marionette" "--headless" "-foreground" "-no-remote" "-profile" "C:\\Users\\cezar\\AppData\\Local\\Temp\\rust_mozprofileEL6Bip"
*** You are running in headless mode.
JavaScript error: resource://gre/modules/XULStore.jsm, line 66: Error: Can't find profile directory.
console.warn: SearchSettings: "get: No settings file exists, new profile?" (new Error("", "(unknown module)"))
1616514286411	Marionette	INFO	Listening on port 59246
1616514286749	Marionette	WARN	TLS certificate errors will be ignored for this session
JavaScript error: http://www.primaria-iasi.ro/portal-iasi/pmi/primaria-municipiului-iasi/60/acte-necesare, line 282: SyntaxError: expected expression, got ','
JavaScript error: http://www.primaria-iasi.ro/portal-iasi/pmi/pcdata-10, line 1: SyntaxError: '' string literal contains an unescaped line break
JavaScript error: http://www.primaria-iasi.ro/portal-iasi/pmi/pcdata-11, line 2: SyntaxError: '' string literal contains an unescaped line break
JavaScript error: http://www.primaria-iasi.ro/portal-iasi/pmi/pcdata-3, line 1: SyntaxError: "" string literal contains an unescaped line break
JavaScript error: http://www.primaria-iasi.ro/portal-iasi/pmi/primaria-municipiului-iasi/60/acte-necesare, line 944: TypeError: $.fn.snow is not a function
A content process crashed and MOZ_CRASHREPORTER_SHUTDOWN is set, shutting down
[Parent 20264, IPC I/O Parent] WARNING: file /builds/worker/checkouts/gecko/ipc/chromium/src/base/process_util_win.cc:167
JavaScript error: resource://gre/modules/AsyncShutdown.jsm, line 716: Error: Phase "Sqlite.jsm: wait until all connections are closed" is finished, it is too late to register completion condition "protections.sqlite#0: waiting for shutdown"
1616518383367	Marionette	INFO	Stopped listening on port 59246
	Marionette	INFO	Listening on port 59399
1616514379555	Marionette	WARN	TLS certificate errors will be ignored for this session
JavaScript error: http://www.primaria-iasi.ro/portal-iasi/pmi/primaria-municipiului-iasi/60/acte-necesare, line 282: SyntaxError: expected expression, got ','
JavaScript error: http://www.primaria-iasi.ro/portal-iasi/pmi/pcdata-10, line 1: SyntaxError: '' string literal contains an unescaped line break
JavaScript error: http://www.primaria-iasi.ro/portal-iasi/pmi/pcdata-11, line 2: SyntaxError: '' string literal contains an unescaped line break
JavaScript error: http://www.primaria-iasi.ro/portal-iasi/pmi/pcdata-3, line 1: SyntaxError: "" string literal contains an unescaped line break
JavaScript error: http://www.primaria-iasi.ro/portal-iasi/pmi/primaria-municipiului-iasi/60/acte-necesare, line 944: TypeError: $.fn.snow is not a function
JavaScript error: resource://devtools/client/fronts/node.js, line 412: TypeError: this.parentFront is null
1616514514774	Marionette	INFO	Stopped listening on port 59399

###!!! [Child][RunMessage] Error: Channel closing: too late to send/recv, messages will be lost

1616515105983	geckodriver	INFO	Listening on 127.0.0.1:59708
1616515109067	mozrunner::runner	INFO	Running command: "C:\\Program Files\\Mozilla Firefox\\firefox.exe" "--marionette" "-foreground" "-no-remote" "-profile" "C:\\Users\\cezar\\AppData\\Local\\Temp\\rust_mozprofileukwt6n"
JavaScript error: resource://gre/modules/XULStore.jsm, line 66: Error: Can't find profile directory.
console.warn: SearchSettings: "get: No settings file exists, new profile?" (new Error("", "(unknown module)"))
1616515112574	Marionette	INFO	Listening on port 59716
1616515112756	Marionette	WARN	TLS certificate errors will be ignored for this session
JavaScript error: http://www.primaria-iasi.ro/portal-iasi/pmi/primaria-municipiului-iasi/60/acte-necesare, line 282: SyntaxError: expected expression, got ','
JavaScript error: http://www.primaria-iasi.ro/portal-iasi/pmi/pcdata-10, line 1: SyntaxError: '' string literal contains an unescaped line break
JavaScript error: http://www.primaria-iasi.ro/portal-iasi/pmi/pcdata-11, line 2: SyntaxError: '' string literal contains an unescaped line break
JavaScript error: http://www.primaria-iasi.ro/portal-iasi/pmi/pcdata-3, line 1: SyntaxError: "" string literal contains an unescaped line break
JavaScript error: http://www.primaria-iasi.ro/portal-iasi/pmi/primaria-municipiului-iasi/60/acte-necesare, line 944: TypeError: $.fn.snow is not a function
1616515199897	Marionette	INFO	Stopped listening on port 59716

###!!! [Child][RunMessage] Error: Channel closing: too late to send/recv, messages will be lost

1616515320288	geckodriver	INFO	Listening on 127.0.0.1:59919
1616515348000	geckodriver	INFO	Listening on 127.0.0.1:59927
1616515351101	mozrunner::runner	INFO	Running command: "C:\\Program Files\\Mozilla Firefox\\firefox.exe" "--marionette" "--headless" "-foreground" "-no-remote" "-profile" "C:\\Users\\cezar\\AppData\\Local\\Temp\\rust_mozprofileUhJEy5"
*** You are running in headless mode.
JavaScript error: resource://gre/modules/XULStore.jsm, line 66: Error: Can't find profile directory.
console.warn: SearchSettings: "get: No settings file exists, new profile?" (new Error("", "(unknown module)"))
1616515353023	Marionette	INFO	Listening on port 59935
1616515353174	Marionette	WARN	TLS certificate errors will be ignored for this session
JavaScript error: http://www.primaria-iasi.ro/portal-iasi/pmi/primaria-municipiului-iasi/60/acte-necesare, line 282: SyntaxError: expected expression, got ','
JavaScript error: http://www.primaria-iasi.ro/portal-iasi/pmi/pcdata-10, line 1: SyntaxError: '' string literal contains an unescaped line break
JavaScript error: http://www.primaria-iasi.ro/portal-iasi/pmi/pcdata-11, line 2: SyntaxError: '' string literal contains an unescaped line break
JavaScript error: http://www.primaria-iasi.ro/portal-iasi/pmi/pcdata-3, line 1: SyntaxError: "" string literal contains an unescaped line break
JavaScript error: http://www.primaria-iasi.ro/portal-iasi/pmi/primaria-municipiului-iasi/60/acte-necesare, line 944: TypeError: $.fn.snow is not a function
JavaScript error: resource://pdf.js/PdfStreamConverter.jsm, line 1089: NS_ERROR_FAILURE: Ignore PDF.js for this download.
JavaScript error: resource://pdf.js/PdfStreamConverter.jsm, line 1089: NS_ERROR_FAILURE: Ignore PDF.js for this download.
JavaScript error: resource://pdf.js/PdfStreamConverter.jsm, line 1089: NS_ERROR_FAILURE: Ignore PDF.js for this download.
A content process crashed and MOZ_CRASHREPORTER_SHUTDOWN is set, shutting down
[Parent 18972, IPC I/O Parent] WARNING: file /builds/worker/checkouts/gecko/ipc/chromium/src/base/process_util_win.cc:167
1616518397881	Marionette	INFO	Stopped listening on port 59935
emp\\rust_mozprofile6voZwD"
*** You are running in headless mode.
JavaScript error: resource://gre/modules/XULStore.jsm, line 66: Error: Can't find profile directory.
console.warn: SearchSettings: "get: No settings file exists, new profile?" (new Error("", "(unknown module)"))
1616515472470	Marionette	INFO	Listening on port 60107
1616515472791	Marionette	WARN	TLS certificate errors will be ignored for this session
JavaScript error: http://www.primaria-iasi.ro/portal-iasi/pmi/primaria-municipiului-iasi/60/acte-necesare, line 282: SyntaxError: expected expression, got ','
JavaScript error: http://www.primaria-iasi.ro/portal-iasi/pmi/pcdata-10, line 1: SyntaxError: '' string literal contains an unescaped line break
JavaScript error: http://www.primaria-iasi.ro/portal-iasi/pmi/pcdata-11, line 2: SyntaxError: '' string literal contains an unescaped line break
JavaScript error: http://www.primaria-iasi.ro/portal-iasi/pmi/pcdata-3, line 1: SyntaxError: "" string literal contains an unescaped line break
JavaScript error: http://www.primaria-iasi.ro/portal-iasi/pmi/primaria-municipiului-iasi/60/acte-necesare, line 944: TypeError: $.fn.snow is not a function
A content process crashed and MOZ_CRASHREPORTER_SHUTDOWN is set, shutting down
[Parent 20800, IPC I/O Parent] WARNING: file /builds/worker/checkouts/gecko/ipc/chromium/src/base/process_util_win.cc:167

###!!! [Child][RunMessage] Error: Channel closing: too late to send/recv, messages will be lost

1616518395286	Marionette	INFO	Stopped listening on port 60107
odules/XULStore.jsm, line 66: Error: Can't find profile directory.
console.warn: SearchSettings: "get: No settings file exists, new profile?" (new Error("", "(unknown module)"))
1616515616797	Marionette	INFO	Listening on port 60287
1616515617122	Marionette	WARN	TLS certificate errors will be ignored for this session
JavaScript error: http://www.primaria-iasi.ro/portal-iasi/pmi/primaria-municipiului-iasi/60/acte-necesare, line 282: SyntaxError: expected expression, got ','
JavaScript error: http://www.primaria-iasi.ro/portal-iasi/pmi/pcdata-10, line 1: SyntaxError: '' string literal contains an unescaped line break
JavaScript error: http://www.primaria-iasi.ro/portal-iasi/pmi/pcdata-11, line 2: SyntaxError: '' string literal contains an unescaped line break
JavaScript error: http://www.primaria-iasi.ro/portal-iasi/pmi/pcdata-3, line 1: SyntaxError: "" string literal contains an unescaped line break
JavaScript error: http://www.primaria-iasi.ro/portal-iasi/pmi/primaria-municipiului-iasi/60/acte-necesare, line 944: TypeError: $.fn.snow is not a function
1616515806047	geckodriver	INFO	Listening on 127.0.0.1:60451
1616515809134	mozrunner::runner	INFO	Running command: "C:\\Program Files\\Mozilla Firefox\\firefox.exe" "--marionette" "--headless" "-foreground" "-no-remote" "-profile" "C:\\Users\\cezar\\AppData\\Local\\Temp\\rust_mozprofile5g3FZ3"
*** You are running in headless mode.
JavaScript error: resource://gre/modules/XULStore.jsm, line 66: Error: Can't find profile directory.
console.warn: SearchSettings: "get: No settings file exists, new profile?" (new Error("", "(unknown module)"))
1616515810791	Marionette	INFO	Listening on port 60459
1616515811175	Marionette	WARN	TLS certificate errors will be ignored for this session
JavaScript error: http://www.primaria-iasi.ro/portal-iasi/pmi/primaria-municipiului-iasi/60/acte-necesare, line 282: SyntaxError: expected expression, got ','
JavaScript error: http://www.primaria-iasi.ro/portal-iasi/pmi/pcdata-10, line 1: SyntaxError: '' string literal contains an unescaped line break
JavaScript error: http://www.primaria-iasi.ro/portal-iasi/pmi/pcdata-11, line 2: SyntaxError: '' string literal contains an unescaped line break
JavaScript error: http://www.primaria-iasi.ro/portal-iasi/pmi/pcdata-3, line 1: SyntaxError: "" string literal contains an unescaped line break
JavaScript error: http://www.primaria-iasi.ro/portal-iasi/pmi/primaria-municipiului-iasi/60/acte-necesare, line 944: TypeError: $.fn.snow is not a function
A content process crashed and MOZ_CRASHREPORTER_SHUTDOWN is set, shutting down
[Parent 11216, IPC I/O Parent] WARNING: file /builds/worker/checkouts/gecko/ipc/chromium/src/base/process_util_win.cc:167
[Parent 11216, IPC I/O Parent] WARNING: file /builds/worker/checkouts/gecko/ipc/chromium/src/base/process_util_win.cc:167
1616518357896	Marionette	INFO	Stopped listening on port 60459
e.
JavaScript error: resource://gre/modules/XULStore.jsm, line 66: Error: Can't find profile directory.
console.warn: SearchSettings: "get: No settings file exists, new profile?" (new Error("", "(unknown module)"))
1616516295785	Marionette	INFO	Listening on port 60749
1616516296016	Marionette	WARN	TLS certificate errors will be ignored for this session
JavaScript error: http://www.primaria-iasi.ro/portal-iasi/pmi/primaria-municipiului-iasi/60/acte-necesare, line 282: SyntaxError: expected expression, got ','
JavaScript error: http://www.primaria-iasi.ro/portal-iasi/pmi/pcdata-10, line 1: SyntaxError: '' string literal contains an unescaped line break
JavaScript error: http://www.primaria-iasi.ro/portal-iasi/pmi/pcdata-11, line 2: SyntaxError: '' string literal contains an unescaped line break
JavaScript error: http://www.primaria-iasi.ro/portal-iasi/pmi/pcdata-3, line 1: SyntaxError: "" string literal contains an unescaped line break
JavaScript error: http://www.primaria-iasi.ro/portal-iasi/pmi/primaria-municipiului-iasi/60/acte-necesare, line 944: TypeError: $.fn.snow is not a function

###!!! [Parent][MessageChannel] Error: (msgtype=0x3A0149,name=PContent::Msg_AsyncMessage) Channel error: cannot send/recv

A content process crashed and MOZ_CRASHREPORTER_SHUTDOWN is set, shutting down
[Parent 20096, IPC I/O Parent] WARNING: file /builds/worker/checkouts/gecko/ipc/chromium/src/base/process_util_win.cc:167
1616518389809	Marionette	INFO	Stopped listening on port 60749
66: Error: Can't find profile directory.
console.warn: SearchSettings: "get: No settings file exists, new profile?" (new Error("", "(unknown module)"))
1616516363946	Marionette	INFO	Listening on port 60900
1616516364344	Marionette	WARN	TLS certificate errors will be ignored for this session
JavaScript error: http://www.primaria-iasi.ro/portal-iasi/pmi/primaria-municipiului-iasi/60/acte-necesare, line 282: SyntaxError: expected expression, got ','
JavaScript error: http://www.primaria-iasi.ro/portal-iasi/pmi/pcdata-10, line 1: SyntaxError: '' string literal contains an unescaped line break
JavaScript error: http://www.primaria-iasi.ro/portal-iasi/pmi/pcdata-11, line 2: SyntaxError: '' string literal contains an unescaped line break
JavaScript error: http://www.primaria-iasi.ro/portal-iasi/pmi/pcdata-3, line 1: SyntaxError: "" string literal contains an unescaped line break
JavaScript error: http://www.primaria-iasi.ro/portal-iasi/pmi/primaria-municipiului-iasi/60/acte-necesare, line 944: TypeError: $.fn.snow is not a function
A content process crashed and MOZ_CRASHREPORTER_SHUTDOWN is set, shutting down
[Parent 19452, IPC I/O Parent] WARNING: file /builds/worker/checkouts/gecko/ipc/chromium/src/base/process_util_win.cc:167
[Parent 19452, IPC I/O Parent] WARNING: file /builds/worker/checkouts/gecko/ipc/chromium/src/base/process_util_win.cc:167
1616518352472	Marionette	INFO	Stopped listening on port 60900
ine 66: Error: Can't find profile directory.
console.warn: SearchSettings: "get: No settings file exists, new profile?" (new Error("", "(unknown module)"))
1616516530853	Marionette	INFO	Listening on port 61077
1616516531182	Marionette	WARN	TLS certificate errors will be ignored for this session
JavaScript error: http://www.primaria-iasi.ro/portal-iasi/pmi/primaria-municipiului-iasi/60/acte-necesare, line 282: SyntaxError: expected expression, got ','
JavaScript error: http://www.primaria-iasi.ro/portal-iasi/pmi/pcdata-10, line 1: SyntaxError: '' string literal contains an unescaped line break
JavaScript error: http://www.primaria-iasi.ro/portal-iasi/pmi/pcdata-11, line 2: SyntaxError: '' string literal contains an unescaped line break
JavaScript error: http://www.primaria-iasi.ro/portal-iasi/pmi/pcdata-3, line 1: SyntaxError: "" string literal contains an unescaped line break
JavaScript error: http://www.primaria-iasi.ro/portal-iasi/pmi/primaria-municipiului-iasi/60/acte-necesare, line 944: TypeError: $.fn.snow is not a function
A content process crashed and MOZ_CRASHREPORTER_SHUTDOWN is set, shutting down
[Parent 24560, IPC I/O Parent] WARNING: file /builds/worker/checkouts/gecko/ipc/chromium/src/base/process_util_win.cc:167
[Parent 24560, IPC I/O Parent] WARNING: file /builds/worker/checkouts/gecko/ipc/chromium/src/base/process_util_win.cc:167
1616518343231	Marionette	INFO	Stopped listening on port 61077
ine 66: Error: Can't find profile directory.
console.warn: SearchSettings: "get: No settings file exists, new profile?" (new Error("", "(unknown module)"))
1616516662030	Marionette	INFO	Listening on port 61276
1616516662425	Marionette	WARN	TLS certificate errors will be ignored for this session
JavaScript error: http://www.primaria-iasi.ro/portal-iasi/pmi/primaria-municipiului-iasi/60/acte-necesare, line 282: SyntaxError: expected expression, got ','
JavaScript error: http://www.primaria-iasi.ro/portal-iasi/pmi/pcdata-10, line 1: SyntaxError: '' string literal contains an unescaped line break
JavaScript error: http://www.primaria-iasi.ro/portal-iasi/pmi/pcdata-11, line 2: SyntaxError: '' string literal contains an unescaped line break
JavaScript error: http://www.primaria-iasi.ro/portal-iasi/pmi/pcdata-3, line 1: SyntaxError: "" string literal contains an unescaped line break
JavaScript error: http://www.primaria-iasi.ro/portal-iasi/pmi/primaria-municipiului-iasi/60/acte-necesare, line 944: TypeError: $.fn.snow is not a function
Exiting due to channel error.
Exiting due to channel error.
16516933826	mozrunner::runner	INFO	Running command: "C:\\Program Files\\Mozilla Firefox\\firefox.exe" "--marionette" "--headless" "-foreground" "-no-remote" "-profile" "C:\\Users\\cezar\\AppData\\Local\\Temp\\rust_mozprofiler8TRLQ"
*** You are running in headless mode.
JavaScript error: resource://gre/modules/XULStore.jsm, line 66: Error: Can't find profile directory.
console.warn: SearchSettings: "get: No settings file exists, new profile?" (new Error("", "(unknown module)"))
1616516935595	Marionette	INFO	Listening on port 61494
1616516935895	Marionette	WARN	TLS certificate errors will be ignored for this session
JavaScript error: http://www.primaria-iasi.ro/portal-iasi/pmi/primaria-municipiului-iasi/60/acte-necesare, line 282: SyntaxError: expected expression, got ','
JavaScript error: http://www.primaria-iasi.ro/portal-iasi/pmi/pcdata-10, line 1: SyntaxError: '' string literal contains an unescaped line break
JavaScript error: http://www.primaria-iasi.ro/portal-iasi/pmi/pcdata-11, line 2: SyntaxError: '' string literal contains an unescaped line break
JavaScript error: http://www.primaria-iasi.ro/portal-iasi/pmi/pcdata-3, line 1: SyntaxError: "" string literal contains an unescaped line break
JavaScript error: http://www.primaria-iasi.ro/portal-iasi/pmi/primaria-municipiului-iasi/60/acte-necesare, line 944: TypeError: $.fn.snow is not a function
Exiting due to channel error.
Exiting due to channel error.
Exiting due to channel error.
NFO	Running command: "C:\\Program Files\\Mozilla Firefox\\firefox.exe" "--marionette" "--headless" "-foreground" "-no-remote" "-profile" "C:\\Users\\cezar\\AppData\\Local\\Temp\\rust_mozprofileE7VlPm"
*** You are running in headless mode.
JavaScript error: resource://gre/modules/XULStore.jsm, line 66: Error: Can't find profile directory.
console.warn: SearchSettings: "get: No settings file exists, new profile?" (new Error("", "(unknown module)"))
1616517023564	Marionette	INFO	Listening on port 61637
1616517023705	Marionette	WARN	TLS certificate errors will be ignored for this session
JavaScript error: http://www.primaria-iasi.ro/portal-iasi/pmi/primaria-municipiului-iasi/60/acte-necesare, line 282: SyntaxError: expected expression, got ','
JavaScript error: http://www.primaria-iasi.ro/portal-iasi/pmi/pcdata-10, line 1: SyntaxError: '' string literal contains an unescaped line break
JavaScript error: http://www.primaria-iasi.ro/portal-iasi/pmi/pcdata-11, line 2: SyntaxError: '' string literal contains an unescaped line break
JavaScript error: http://www.primaria-iasi.ro/portal-iasi/pmi/pcdata-3, line 1: SyntaxError: "" string literal contains an unescaped line break
JavaScript error: http://www.primaria-iasi.ro/portal-iasi/pmi/primaria-municipiului-iasi/60/acte-necesare, line 944: TypeError: $.fn.snow is not a function
Exiting due to channel error.
Exiting due to channel error.
16517154433	mozrunner::runner	INFO	Running command: "C:\\Program Files\\Mozilla Firefox\\firefox.exe" "--marionette" "--headless" "-foreground" "-no-remote" "-profile" "C:\\Users\\cezar\\AppData\\Local\\Temp\\rust_mozprofile9nVkTe"
*** You are running in headless mode.
JavaScript error: resource://gre/modules/XULStore.jsm, line 66: Error: Can't find profile directory.
console.warn: SearchSettings: "get: No settings file exists, new profile?" (new Error("", "(unknown module)"))
1616517156223	Marionette	INFO	Listening on port 61814
1616517156491	Marionette	WARN	TLS certificate errors will be ignored for this session
JavaScript error: http://www.primaria-iasi.ro/portal-iasi/pmi/primaria-municipiului-iasi/60/acte-necesare, line 282: SyntaxError: expected expression, got ','
JavaScript error: http://www.primaria-iasi.ro/portal-iasi/pmi/pcdata-10, line 1: SyntaxError: '' string literal contains an unescaped line break
JavaScript error: http://www.primaria-iasi.ro/portal-iasi/pmi/pcdata-11, line 2: SyntaxError: '' string literal contains an unescaped line break
JavaScript error: http://www.primaria-iasi.ro/portal-iasi/pmi/pcdata-3, line 1: SyntaxError: "" string literal contains an unescaped line break
JavaScript error: http://www.primaria-iasi.ro/portal-iasi/pmi/primaria-municipiului-iasi/60/JavaScript error: http://www.primaria-iasi.ro/portal-iasi/pmi/priA content process crashed and MOZ_CRASHREPORTER_SHUTDOWN is set, shutting down
[Parent 25344, IPC I/O Parent] WARNING: file /builds/worker/checkouts/gecko/ipc/chromium/src/base/process_util_win.cc:167
[Parent 25344, IPC I/O Parent] WARNING: file /builds/worker/checkouts/gecko/ipc/chromium/src/base/process_util_win.cc:167
1616518331241	Marionette	INFO	Stopped listening on port 61814
vaScript error: http://www.primaria-iasi.ro/portal-iasi/pmi/pcdata-3, line 1: SyntaxError: "" string literal contains an unescaped line break
JavaScript error: http://www.primaria-iasi.ro/portal-iasi/pmi/primaria-municipiului-iasi/60/acte-necesare, line 944: TypeError: $.fn.snow is not a function
A content process crashed and MOZ_CRASHREPORTER_SHUTDOWN is set, shutting down
[Parent 29460, IPC I/O Parent] WARNING: file /builds/worker/checkouts/gecko/ipc/chromium/src/base/process_util_win.cc:167
[Parent 29460, IPC I/O Parent] WARNING: file /builds/worker/checkouts/gecko/ipc/chromium/src/base/process_util_win.cc:167
1616518328892	Marionette	INFO	Stopped listening on port 61871
ine 66: Error: Can't find profile directory.
console.warn: SearchSettings: "get: No settings file exists, new profile?" (new Error("", "(unknown module)"))
1616517275240	Marionette	INFO	Listening on port 62109
1616517275269	Marionette	WARN	TLS certificate errors will be ignored for this session
JavaScript error: http://www.primaria-iasi.ro/portal-iasi/pmi/primaria-municipiului-iasi/60/acte-necesare, line 282: SyntaxError: expected expression, got ','
JavaScript error: http://www.primaria-iasi.ro/portal-iasi/pmi/pcdata-10, line 1: SyntaxError: '' string literal contains an unescaped line break
JavaScript error: http://www.primaria-iasi.ro/portal-iasi/pmi/pcdata-11, line 2: SyntaxError: '' string literal contains an unescaped line break
JavaScript error: http://www.primaria-iasi.ro/portal-iasi/pmi/pcdata-3, line 1: SyntaxError: "" string literal contains an unescaped line break
JavaScript error: http://www.primaria-iasi.ro/portal-iasi/pmi/primaria-municipiului-iasi/60/acte-necesare, line 944: TypeError: $.fn.snow is not a function
A content process crashed and MOZ_CRASHREPORTER_SHUTDOWN is set, shutting down
[Parent 11552, IPC I/O Parent] WARNING: file /builds/worker/checkouts/gecko/ipc/chromium/src/base/process_util_win.cc:167
[Parent 11552, IPC I/O Parent] WARNING: file /builds/worker/checkouts/gecko/ipc/chromium/src/base/process_util_win.cc:167
1616518404128	Marionette	INFO	Stopped listening on port 62109
ine 66: Error: Can't find profile directory.
console.warn: SearchSettings: "get: No settings file exists, new profile?" (new Error("", "(unknown module)"))
1616517427481	Marionette	INFO	Listening on port 62284
1616517427679	Marionette	WARN	TLS certificate errors will be ignored for this session
JavaScript error: http://www.primaria-iasi.ro/portal-iasi/pmi/primaria-municipiului-iasi/60/acte-necesare, line 282: SyntaxError: expected expression, got ','
JavaScript error: http://www.primaria-iasi.ro/portal-iasi/pmi/pcdata-10, line 1: SyntaxError: '' string literal contains an unescaped line break
JavaScript error: http://www.primaria-iasi.ro/portal-iasi/pmi/pcdata-11, line 2: SyntaxError: '' string literal contains an unescaped line break
JavaScript error: http://www.primaria-iasi.ro/portal-iasi/pmi/pcdata-3, line 1: SyntaxError: "" string literal contains an unescaped line break
JavaScript error: http://www.primaria-iasi.ro/portal-iasi/pmi/primaria-municipiului-iasi/60/acte-necesare, line 944: TypeError: $.fn.snow is not a function
A content process crashed and MOZ_CRASHREPORTER_SHUTDOWN is set, shutting down
[Parent 31596, IPC I/O Parent] WARNING: file /builds/worker/checkouts/gecko/ipc/chromium/src/base/process_util_win.cc:167
1616518318178	Marionette	INFO	Stopped listening on port 62284
emp\\rust_mozprofilebqDLxJ"
*** You are running in headless mode.
JavaScript error: resource://gre/modules/XULStore.jsm, line 66: Error: Can't find profile directory.
console.warn: SearchSettings: "get: No settings file exists, new profile?" (new Error("", "(unknown module)"))
1616517731764	Marionette	INFO	Listening on port 62530
1616517731882	Marionette	WARN	TLS certificate errors will be ignored for this session
JavaScript error: http://www.primaria-iasi.ro/portal-iasi/pmi/primaria-municipiului-iasi/60/acte-necesare, line 282: SyntaxError: expected expression, got ','
JavaScript error: http://www.primaria-iasi.ro/portal-iasi/pmi/pcdata-10, line 1: SyntaxError: '' string literal contains an unescaped line break
JavaScript error: http://www.primaria-iasi.ro/portal-iasi/pmi/pcdata-11, line 2: SyntaxError: '' string literal contains an unescaped line break
JavaScript error: http://www.primaria-iasi.ro/portal-iasi/pmi/pcdata-3, line 1: SyntaxError: "" string literal contains an unescaped line break
JavaScript error: http://www.primaria-iasi.ro/portal-iasi/pmi/primaria-municipiului-iasi/60/acte-necesare, line 944: TypeError: $.fn.snow is not a function
A content process crashed and MOZ_CRASHREPORTER_SHUTDOWN is set, shutting down
[Parent 26228, IPC I/O Parent] WARNING: file /builds/worker/checkouts/gecko/ipc/chromium/src/base/process_util_win.cc:167
[Parent 26228, IPC I/O Parent] WARNING: file /builds/worker/checkouts/gecko/ipc/chromium/src/base/process_util_win.cc:167
1616518313796	Marionette	INFO	Stopped listening on port 62530

###!!! [Parent][RunMessage] Error: Channel closing: too late to send/recv, messages will be lost

